Locale/Maketext/Simple.pm
POSIX.pm
/opt/local/lib/perl5/5.12.4/darwin-thread-multi-2level/auto/Storable/autosplit.ix
Tie/Hash.pm
Cwd.pm
IO/Uncompress/Adapter/Inflate.pm
Carp/Heavy.pm
JSON.pm
Digest/base.pm
/opt/local/lib/perl5/5.12.4/darwin-thread-multi-2level/auto/POSIX/load_imports.al
Fatal.pm
URI.pm
MIME/Base64.pm
IO/Socket/INET.pm
Errno.pm
File/Spec.pm
File/Glob.pm
Module/CoreList.pm
File/GlobMapper.pm
warnings/register.pm
Encode/Alias.pm
Encode/Config.pm
Mouse/Meta/Role.pm
DBI.pm
utf8.pm
HTTP/Config.pm
IO/Socket/UNIX.pm
File/Spec/Unix.pm
Exporter/Heavy.pm
HTTP/Request.pm
Data/Dumper/Concise.pm
Config_heavy.pl
/opt/local/lib/perl5/5.12.4/darwin-thread-multi-2level/auto/DB_File/autosplit.ix
DB_File.pm
AutoLoader.pm
Data/Dumper.pm
MLDBM.pm
IO/Compress/Zlib/Extra.pm
IO/Handle.pm
File/Slurp.pm
Getopt/Long.pm
SelectSaver.pm
IO/Socket.pm
MetaCPAN/API.pm
LWP/Simple.pm
/opt/local/lib/perl5/5.12.4/darwin-thread-multi-2level/auto/I18N/Langinfo/autosplit.ix
IPC/Cmd.pm
HTTP/Date.pm
Any/Moose.pm
Module/Load/Conditional.pm
File/Path.pm
IO/Compress/Gzip/Constants.pm
/opt/local/lib/perl5/5.12.4/darwin-thread-multi-2level/auto/Compress/Raw/Zlib/autosplit.ix
IO/Compress/Adapter/Deflate.pm
autodie.pm
IO/Seekable.pm
Params/Check.pm
File/Copy.pm
Encode.pm
base.pm
IO/Uncompress/RawInflate.pm
File/Basename.pm
Config.pm
integer.pm
Mouse.pm
/opt/local/lib/perl5/5.12.4/darwin-thread-multi-2level/auto/POSIX/autosplit.ix
version/vxs.pm
Carp.pm
LWP/Protocol.pm
constant.pm
IO/File.pm
URI/Escape.pm
Mouse/Meta/Role/Composite.pm
DynaLoader.pm
attributes.pm
Compress/Raw/Zlib.pm
HTTP/Status.pm
List/Util.pm
File/Find.pm
Fcntl.pm
Symbol.pm
mro.pm
Scalar/Util.pm
Mouse/Meta/Attribute.pm
Mouse/Role.pm
Mouse/Exporter.pm
MetaCPAN/API/Release.pm
Module/Load.pm
IO/Compress/Gzip.pm
IO/Uncompress/Base.pm
LWP/MemberMixin.pm
Encode/Encoding.pm
Config_git.pl
CPAN/DistnameInfo.pm
IO/Uncompress/Gunzip.pm
bytes.pm
common/sense.pm
vars.pm
IO/Compress/Base.pm
IO/Select.pm
Module/Metadata.pm
IPC/Open3.pm
auto/Compress/Zlib/autosplit.ix
HTTP/Headers.pm
Storable.pm
re.pm
Memoize.pm
Mouse/Meta/Class.pm
Mouse/Object.pm
Compress/Zlib.pm
Time/Local.pm
MetaCPAN/API/Author.pm
Encode/Locale.pm
LWP/UserAgent.pm
Text/ParseWords.pm
Tie/RefHash.pm
Mouse/Util/TypeConstraints.pm
File/Temp.pm
MetaCPAN/API/Module.pm
MetaCPAN/API/Source.pm
JSON/XS.pm
HTTP/Response.pm
IO/Compress/RawDeflate.pm
I18N/Langinfo.pm
Mouse/Meta/Module.pm
Time/HiRes.pm
version.pm
LWP.pm
MetaCPAN/API/POD.pm
IO.pm
Dist/Surveyor.pm
HTTP/Message.pm
Mouse/Util.pm
IO/Compress/Base/Common.pm
FileHandle.pm
Mouse/Meta/Role/Application.pm
Socket.pm
Mouse/Meta/TypeConstraint.pm
Try/Tiny.pm
File/Fetch.pm
overload.pm
HTTP/Tiny.pm
Digest/SHA.pm
